<?xml version="1.0" encoding="UTF-8"?>
<!-- Generated by org.testng.reporters.JUnitReportReporter -->
<testsuite hostname="WINDOWS-10NJMLJ" failures="0" tests="4" name="v1.TestNGDemo" time="0.019" errors="0" timestamp="2025-08-20T11:22:50 IST" skipped="0">
  <testcase classname="v1.TestNGDemo" name="test1" time="0.012"/>
  <system-out/>
  <testcase classname="v1.TestNGDemo" name="test4" time="0.003"/>
  <system-out/>
  <testcase classname="v1.TestNGDemo" name="test3" time="0.003"/>
  <system-out/>
  <testcase classname="v1.TestNGDemo" name="test2" time="0.001"/>
  <system-out/>
</testsuite> <!-- v1.TestNGDemo -->
