<?xml version="1.0" encoding="UTF-8"?>
<!-- Generated by org.testng.reporters.JUnitReportReporter -->
<testsuite hostname="WINDOWS-10NJMLJ" failures="0" tests="2" name="ParallelTest" time="12.483" errors="0" timestamp="2025-08-20T12:15:05 IST" skipped="0">
  <testcase classname="ParallelTest" name="testChrome" time="3.737"/>
  <system-out/>
  <testcase classname="ParallelTest" name="testfirefox" time="8.746"/>
  <system-out/>
</testsuite> <!-- ParallelTest -->
